

*******************************************************************************
Tue Feb  2 18:24:29 2021


FIT:    data read from 'Complete_TAVG_summary.txt' using 1:4
        format = x:z
        #datapoints = 263
        residuals are weighted equally (unit weight)

function used for fitting: f8(x)
	f8(x)=a0+a1*cos(x*w)+b1*sin(x*w) +a2*cos(2*x*w)+b2*sin(2*x*w) +a3*cos(3*x*w)+b3*sin(3*x*w)+a4*cos(4*x*w)+b4*sin(4*x*w) +a5*cos(5*x*w)+b5*sin(5*x*w)+a6*cos(6*x*w)+b6*sin(6*x*w)+a7*cos(7*x*w)+b7*sin(7*x*w)+a8*cos(8*x*w)+b8*sin(8*x*w)
fitted parameters initialized with current variable values

iter      chisq       delta/lim  lambda   w             a0            a1            b1            a2            b2            a3            b3            a4            b4            a5            b5            a6            b6            a7            b7            a8            b8           
   0 1.4880293515e+04   0.00e+00  7.73e+02    1.000000e-02  -8.009218e+02   8.003773e+02  -1.043222e+03   7.637235e+02   9.705408e+02  -1.632323e+03  -9.041258e+00   1.368314e+03  -7.631846e+02  -6.485730e+02   8.029161e+02   1.614361e+02  -4.342950e+02  -8.912354e+00   1.307912e+02  -3.570271e+00  -1.767545e+01
  57 1.2745054256e+01  -1.18e-02  7.73e-03    9.795458e-03   4.802619e+03  -1.291213e+04  -6.825645e+03   1.790351e+04   6.130005e+03  -1.710054e+04  -1.627096e+01   1.053120e+04  -4.259862e+03  -3.910095e+03   3.992379e+03   6.712358e+02  -1.849688e+03   4.032147e+01   4.495840e+02  -2.631893e+01  -4.436018e+01

After 57 iterations the fit converged.
final sum of squares of residuals : 12.7451
rel. change during last iteration : -1.1751e-07

degrees of freedom    (FIT_NDF)                        : 245
rms of residuals      (FIT_STDFIT) = sqrt(WSSR/ndf)    : 0.22808
variance of residuals (reduced chisquare) = WSSR/ndf   : 0.0520206

Final set of parameters            Asymptotic Standard Error
=======================            ==========================
w               = 0.00979546       +/- 0.008311     (84.85%)
a0              = 4802.62          +/- 2.703e+05    (5627%)
a1              = -12912.1         +/- 6.171e+05    (4779%)
b1              = -6825.64         +/- 2.605e+05    (3816%)
a2              = 17903.5          +/- 6.078e+05    (3395%)
b2              = 6130             +/- 6.88e+05     (1.122e+04%)
a3              = -17100.5         +/- 2.585e+05    (1512%)
b3              = -16.271          +/- 9.697e+05    (5.96e+06%)
a4              = 10531.2          +/- 1.655e+05    (1572%)
b4              = -4259.86         +/- 7.943e+05    (1.865e+04%)
a5              = -3910.1          +/- 2.964e+05    (7582%)
b5              = 3992.38          +/- 3.728e+05    (9339%)
a6              = 671.236          +/- 1.781e+05    (2.653e+04%)
b6              = -1849.69         +/- 8.174e+04    (4419%)
a7              = 40.3215          +/- 5.149e+04    (1.277e+05%)
b7              = 449.584          +/- 2186         (486.2%)
a8              = -26.3189         +/- 5778         (2.195e+04%)
b8              = -44.3602         +/- 3291         (7419%)

correlation matrix of the fit parameters:
                w      a0     a1     b1     a2     b2     a3     b3     a4     b4     a5     b5     a6     b6     a7     b7     a8     b8     
w               1.000 
a0             -0.945  1.000 
a1              0.970 -0.996  1.000 
b1             -0.971  0.995 -1.000  1.000 
a2             -0.990  0.982 -0.995  0.995  1.000 
b2              0.992 -0.979  0.993 -0.993 -1.000  1.000 
a3              0.993 -0.975  0.991 -0.990 -0.999  0.999  1.000 
b3             -0.997  0.966 -0.985  0.986  0.997 -0.999 -0.999  1.000 
a4              0.999 -0.945  0.970 -0.972 -0.989  0.992  0.992 -0.997  1.000 
b4              0.999 -0.959  0.981 -0.981 -0.996  0.997  0.998 -1.000  0.998  1.000 
a5             -1.000  0.951 -0.975  0.976  0.992 -0.994 -0.995  0.999 -1.000 -1.000  1.000 
b5             -0.999  0.956 -0.979  0.979  0.994 -0.996 -0.997  0.999 -0.999 -1.000  1.000  1.000 
a6              1.000 -0.950  0.974 -0.975 -0.992  0.994  0.995 -0.998  0.999  1.000 -1.000 -1.000  1.000 
b6              0.999 -0.956  0.979 -0.979 -0.994  0.996  0.997 -0.999  0.998  1.000 -1.000 -1.000  1.000  1.000 
a7             -1.000  0.950 -0.974  0.974  0.992 -0.994 -0.995  0.998 -0.999 -0.999  1.000  1.000 -1.000 -1.000  1.000 
b7              0.986 -0.886  0.923 -0.926 -0.955  0.961  0.961 -0.973  0.988  0.978 -0.984 -0.980  0.983  0.979 -0.984  1.000 
a8              1.000 -0.949  0.974 -0.974 -0.992  0.994  0.995 -0.998  0.999  0.999 -1.000 -1.000  1.000  1.000 -1.000  0.984  1.000 
b8             -1.000  0.945 -0.970  0.971  0.990 -0.992 -0.993  0.997 -1.000 -0.999  1.000  0.999 -1.000 -0.999  1.000 -0.986 -1.000  1.000 


*******************************************************************************
Tue Feb  2 18:24:31 2021


FIT:    data read from "Complete_TAVG_summary.txt" u 1:4
        format = x:z
        #datapoints = 263
        residuals are weighted equally (unit weight)

function used for fitting: f11(x)
	f11(x) = c0 + c1*x + c2*x**2 + c3*x**3+ c4*x**4 + c5*x**5
fitted parameters initialized with current variable values

iter      chisq       delta/lim  lambda   c0            c1            c2            c3            c4            c5           
   0 1.9109260671e+01   0.00e+00  4.12e+04    1.744033e-01   6.515766e+00  -1.362056e-02   1.068360e-05  -3.727823e-09   4.883569e-13
   1 1.9109260671e+01   0.00e+00  4.12e+05    1.744033e-01   6.515766e+00  -1.362056e-02   1.068360e-05  -3.727823e-09   4.883569e-13

After 1 iterations the fit converged.
final sum of squares of residuals : 19.1093
rel. change during last iteration : 0

degrees of freedom    (FIT_NDF)                        : 257
rms of residuals      (FIT_STDFIT) = sqrt(WSSR/ndf)    : 0.272681
variance of residuals (reduced chisquare) = WSSR/ndf   : 0.0743551

Final set of parameters            Asymptotic Standard Error
=======================            ==========================
c0              = 0.174403         +/- 2.53e+05     (1.451e+08%)
c1              = 6.51577          +/- 672.8        (1.033e+04%)
c2              = -0.0136206       +/- 0.7152       (5251%)
c3              = 1.06836e-05      +/- 0.00038      (3556%)
c4              = -3.72782e-09     +/- 1.009e-07    (2706%)
c5              = 4.88357e-13      +/- 1.071e-11    (2193%)

correlation matrix of the fit parameters:
                c0     c1     c2     c3     c4     c5     
c0              1.000 
c1             -1.000  1.000 
c2              1.000 -1.000  1.000 
c3             -1.000  1.000 -1.000  1.000 
c4              1.000 -1.000  1.000 -1.000  1.000 
c5             -0.999  1.000 -1.000  1.000 -1.000  1.000 


*******************************************************************************
Tue Feb  2 18:25:00 2021


FIT:    data read from 'Complete_TAVG_summary.txt' using 1:4
        format = x:z
        #datapoints = 263
        residuals are weighted equally (unit weight)

function used for fitting: f8(x)
	f8(x)=a0+a1*cos(x*w)+b1*sin(x*w) +a2*cos(2*x*w)+b2*sin(2*x*w) +a3*cos(3*x*w)+b3*sin(3*x*w)+a4*cos(4*x*w)+b4*sin(4*x*w) +a5*cos(5*x*w)+b5*sin(5*x*w)+a6*cos(6*x*w)+b6*sin(6*x*w)+a7*cos(7*x*w)+b7*sin(7*x*w)+a8*cos(8*x*w)+b8*sin(8*x*w)
fitted parameters initialized with current variable values

iter      chisq       delta/lim  lambda   w             a0            a1            b1            a2            b2            a3            b3            a4            b4            a5            b5            a6            b6            a7            b7            a8            b8           
   0 4.4667590820e+06   0.00e+00  8.71e+03    1.000000e-02   4.802619e+03  -1.291213e+04  -6.825645e+03   1.790351e+04   6.130005e+03  -1.710054e+04  -1.627096e+01   1.053120e+04  -4.259862e+03  -3.910095e+03   3.992379e+03   6.712358e+02  -1.849688e+03   4.032147e+01   4.495840e+02  -2.631893e+01  -4.436018e+01
   8 1.2745093236e+01  -6.74e-01  8.71e-03    9.796108e-03   4.945907e+03  -1.317885e+04  -6.823731e+03   1.812313e+04   6.130805e+03  -1.726485e+04  -1.622344e+01   1.063890e+04  -4.268243e+03  -3.965783e+03   4.006477e+03   6.910865e+02  -1.860392e+03   3.626332e+01   4.537187e+02  -2.600601e+01  -4.502803e+01

After 8 iterations the fit converged.
final sum of squares of residuals : 12.7451
rel. change during last iteration : -6.74104e-06

degrees of freedom    (FIT_NDF)                        : 245
rms of residuals      (FIT_STDFIT) = sqrt(WSSR/ndf)    : 0.228081
variance of residuals (reduced chisquare) = WSSR/ndf   : 0.0520208

Final set of parameters            Asymptotic Standard Error
=======================            ==========================
w               = 0.00979611       +/- 0.008231     (84.02%)
a0              = 4945.91          +/- 2.702e+05    (5462%)
a1              = -13178.8         +/- 6.158e+05    (4672%)
b1              = -6823.73         +/- 2.62e+05     (3840%)
a2              = 18123.1          +/- 6.058e+05    (3343%)
b2              = 6130.81          +/- 6.882e+05    (1.123e+04%)
a3              = -17264.8         +/- 2.588e+05    (1499%)
b3              = -16.2234         +/- 9.683e+05    (5.968e+06%)
a4              = 10638.9          +/- 1.629e+05    (1531%)
b4              = -4268.24         +/- 7.938e+05    (1.86e+04%)
a5              = -3965.78         +/- 2.94e+05     (7415%)
b5              = 4006.48          +/- 3.739e+05    (9332%)
a6              = 691.086          +/- 1.772e+05    (2.564e+04%)
b6              = -1860.39         +/- 8.295e+04    (4459%)
a7              = 36.2633          +/- 5.143e+04    (1.418e+05%)
b7              = 453.719          +/- 1698         (374.2%)
a8              = -26.006          +/- 5806         (2.233e+04%)
b8              = -45.028          +/- 3218         (7146%)

correlation matrix of the fit parameters:
                w      a0     a1     b1     a2     b2     a3     b3     a4     b4     a5     b5     a6     b6     a7     b7     a8     b8     
w               1.000 
a0             -0.945  1.000 
a1              0.970 -0.996  1.000 
b1             -0.971  0.995 -1.000  1.000 
a2             -0.990  0.982 -0.995  0.995  1.000 
b2              0.992 -0.978  0.993 -0.994 -1.000  1.000 
a3              0.993 -0.975  0.991 -0.991 -0.999  0.999  1.000 
b3             -0.997  0.966 -0.985  0.986  0.997 -0.999 -0.999  1.000 
a4              0.999 -0.945  0.970 -0.972 -0.989  0.992  0.992 -0.997  1.000 
b4              0.999 -0.959  0.981 -0.982 -0.995  0.997  0.998 -1.000  0.998  1.000 
a5             -1.000  0.951 -0.975  0.976  0.992 -0.994 -0.995  0.999 -0.999 -1.000  1.000 
b5             -0.999  0.956 -0.978  0.979  0.994 -0.996 -0.997  0.999 -0.999 -1.000  1.000  1.000 
a6              1.000 -0.950  0.974 -0.975 -0.992  0.994  0.995 -0.998  0.999  1.000 -1.000 -1.000  1.000 
b6              0.999 -0.956  0.978 -0.979 -0.994  0.996  0.997 -0.999  0.998  1.000 -1.000 -1.000  1.000  1.000 
a7             -1.000  0.950 -0.974  0.975  0.992 -0.994 -0.995  0.998 -0.999 -0.999  1.000  1.000 -1.000 -1.000  1.000 
b7              0.975 -0.863  0.902 -0.908 -0.939  0.946  0.945 -0.960  0.979  0.966 -0.973 -0.968  0.973  0.967 -0.973  1.000 
a8              1.000 -0.949  0.973 -0.975 -0.992  0.994  0.995 -0.998  0.999  0.999 -1.000 -1.000  1.000  1.000 -1.000  0.973  1.000 
b8             -1.000  0.945 -0.970  0.972  0.990 -0.992 -0.993  0.997 -1.000 -0.999  1.000  0.999 -1.000 -0.999  1.000 -0.976 -1.000  1.000 


*******************************************************************************
Tue Feb  2 18:25:00 2021


FIT:    data read from "Complete_TAVG_summary.txt" u 1:4
        format = x:z
        #datapoints = 263
        residuals are weighted equally (unit weight)

function used for fitting: f11(x)
	f11(x) = c0 + c1*x + c2*x**2 + c3*x**3+ c4*x**4 + c5*x**5
fitted parameters initialized with current variable values

iter      chisq       delta/lim  lambda   c0            c1            c2            c3            c4            c5           
   0 1.9109260671e+01   0.00e+00  4.12e+04    1.744033e-01   6.515766e+00  -1.362056e-02   1.068360e-05  -3.727823e-09   4.883569e-13
   1 1.9109260671e+01   0.00e+00  4.12e+05    1.744033e-01   6.515766e+00  -1.362056e-02   1.068360e-05  -3.727823e-09   4.883569e-13

After 1 iterations the fit converged.
final sum of squares of residuals : 19.1093
rel. change during last iteration : 0

degrees of freedom    (FIT_NDF)                        : 257
rms of residuals      (FIT_STDFIT) = sqrt(WSSR/ndf)    : 0.272681
variance of residuals (reduced chisquare) = WSSR/ndf   : 0.0743551

Final set of parameters            Asymptotic Standard Error
=======================            ==========================
c0              = 0.174403         +/- 2.53e+05     (1.451e+08%)
c1              = 6.51577          +/- 672.8        (1.033e+04%)
c2              = -0.0136206       +/- 0.7152       (5251%)
c3              = 1.06836e-05      +/- 0.00038      (3556%)
c4              = -3.72782e-09     +/- 1.009e-07    (2706%)
c5              = 4.88357e-13      +/- 1.071e-11    (2193%)

correlation matrix of the fit parameters:
                c0     c1     c2     c3     c4     c5     
c0              1.000 
c1             -1.000  1.000 
c2              1.000 -1.000  1.000 
c3             -1.000  1.000 -1.000  1.000 
c4              1.000 -1.000  1.000 -1.000  1.000 
c5             -0.999  1.000 -1.000  1.000 -1.000  1.000 
